2023-01-25 11:09:05,025 INFO Waiting for incoming messages...
2023-01-25 11:09:26,389 INFO TEST: Sending payments....
2023-01-25 11:09:26,468 ERROR TEST: Error sending payment:HTTPSConnectionPool(host='sendpaymentscode.azurewebsites.net', port=443): Max retries exceeded with url: /api/PaymentsReceiverHTTP?code=qutLVUJeqUP1Fiomlo2irHjq6D1BO2fI0FN_c9gh2uUNAzFu_GJDXg== (Caused by NewConnectionError('<urllib3.connection.HTTPSConnection object at 0x000001AE57FEECA0>: Failed to establish a new connection: [Errno 11001] getaddrinfo failed'))
2023-01-25 11:13:15,168 INFO Waiting for incoming messages...
2023-01-25 11:13:20,639 INFO TEST: Sending payments....
2023-01-25 11:13:22,236 INFO TEST: Payment transferred with status code: 200 - OK
2023-01-25 11:15:16,596 INFO Waiting for incoming messages...
2023-01-25 11:15:27,105 INFO TEST: Sending payments....
2023-01-25 11:15:28,611 INFO TEST: Payment transferred with status code: 200 - OK
2023-01-25 11:16:35,319 INFO Waiting for incoming messages...
2023-01-25 11:16:38,681 INFO TEST: Sending payments....
2023-01-25 11:16:40,026 INFO TEST: Payment transferred with status code: 200 - OK
2023-01-25 11:24:53,527 INFO Waiting for incoming messages...
2023-01-25 15:00:13,990 INFO Waiting for incoming messages...
2023-01-25 15:00:21,075 INFO TEST: Sending payments....
2023-01-25 15:00:25,659 INFO TEST: Payment transferred with status code: 500 - 
2023-01-25 15:03:34,468 INFO Waiting for incoming messages...
2023-01-25 15:03:37,269 INFO TEST: Sending payments....
2023-01-25 15:03:37,691 INFO TEST: Payment transferred with status code: 500 - 
2023-01-25 15:06:49,053 INFO Waiting for incoming messages...
2023-01-25 15:06:53,088 INFO TEST: Sending payments....
2023-01-25 15:06:58,903 INFO message ID: 5d8bca64-fff1-431f-8f6e-30b2cb7b9344; Data: {'transactionID': '6', 'licensePlate': 'EP726GG', 'amount': '15.0', 'timeIn': '1668246600.0', 'paymentTime': '1668246930.0'}
2023-01-25 15:06:59,894 INFO TEST: Payment transferred with status code: 200 - OK
