2023-01-26 15:36:33,996 INFO CoAP server started...
2023-01-26 15:36:41,272 INFO EntryGate with ID: id3 --> POST Request Received...
2023-01-26 15:36:41,272 INFO Gate state: CLOSED
2023-01-26 15:36:41,272 INFO Gate state: OPEN
2023-01-26 15:36:51,273 INFO Gate state: CLOSED
2023-01-26 15:41:00,181 INFO CoAP server started...
2023-01-26 15:41:05,981 INFO EntryGate with ID: id3 --> POST Request Received...
2023-01-26 15:41:05,981 INFO Gate state: CLOSED
2023-01-26 15:41:05,982 INFO Gate state: OPEN
2023-01-26 15:41:15,985 INFO Gate state: CLOSED
2023-01-26 15:44:39,730 INFO EntryGate with ID: id3 --> POST Request Received...
2023-01-26 15:44:39,730 INFO Gate state: CLOSED
2023-01-26 15:44:39,730 INFO Gate state: OPEN
2023-01-26 15:44:49,738 INFO Gate state: CLOSED
2023-01-26 15:46:34,148 INFO CoAP server started...
2023-01-26 15:46:38,102 INFO EntryGate with ID: id3 --> POST Request Received...
2023-01-26 15:46:38,102 INFO Gate state: CLOSED
2023-01-26 15:46:38,102 INFO Gate state: OPEN
2023-01-26 15:46:48,105 INFO Gate state: CLOSED
2023-01-26 15:48:19,651 INFO EntryGate with ID: id3 --> POST Request Received...
2023-01-26 15:48:19,651 INFO Gate state: CLOSED
2023-01-26 15:48:19,651 INFO Gate state: OPEN
2023-01-26 15:48:29,662 INFO Gate state: CLOSED
2023-01-26 15:48:45,779 INFO CoAP server started...
2023-01-26 15:48:55,914 INFO EntryGate with ID: id3 --> POST Request Received...
2023-01-26 15:48:55,914 INFO Gate state: CLOSED
2023-01-26 15:48:55,914 INFO Gate state: OPEN
2023-01-26 15:49:05,915 INFO Gate state: CLOSED
2023-01-26 15:50:34,023 INFO EntryGate with ID: id3 --> POST Request Received...
2023-01-26 15:50:34,023 INFO Gate state: CLOSED
2023-01-26 15:50:34,023 INFO Gate state: OPEN
2023-01-26 15:50:44,035 INFO Gate state: CLOSED
2023-01-26 15:51:24,209 INFO EntryGate with ID: id3 --> POST Request Received...
2023-01-26 15:51:24,209 INFO Gate state: CLOSED
2023-01-26 15:51:24,209 INFO Gate state: OPEN
2023-01-26 15:51:34,216 INFO Gate state: CLOSED
2023-01-26 15:52:24,389 INFO EntryGate with ID: id3 --> POST Request Received...
2023-01-26 15:52:24,389 INFO Gate state: CLOSED
2023-01-26 15:52:24,389 INFO Gate state: OPEN
2023-01-26 15:52:34,398 INFO Gate state: CLOSED
2023-01-26 15:55:31,383 INFO CoAP server started...
2023-01-26 15:55:35,097 INFO EntryGate with ID: id3 --> POST Request Received...
2023-01-26 15:55:35,097 INFO Gate state: CLOSED
2023-01-26 15:55:35,097 INFO Gate state: OPEN
2023-01-26 15:55:45,113 INFO Gate state: CLOSED
2023-01-26 15:56:15,680 INFO EntryGate with ID: id3 --> POST Request Received...
2023-01-26 15:56:15,680 INFO Gate state: CLOSED
2023-01-26 15:56:15,680 INFO Gate state: OPEN
2023-01-26 15:56:25,694 INFO Gate state: CLOSED
2023-01-26 15:56:58,133 INFO EntryGate with ID: id3 --> POST Request Received...
2023-01-26 15:56:58,133 INFO Gate state: CLOSED
2023-01-26 15:56:58,133 INFO Gate state: OPEN
2023-01-26 15:57:08,135 INFO Gate state: CLOSED
2023-01-26 15:57:08,143 INFO EntryGate with ID: id3 --> POST Request Received...
2023-01-26 15:57:08,143 INFO Gate state: CLOSED
2023-01-26 15:57:08,143 INFO Gate state: OPEN
2023-01-26 15:57:18,144 INFO Gate state: CLOSED
2023-01-26 16:11:11,994 INFO EntryGate with ID: id3 --> POST Request Received...
2023-01-26 16:11:11,994 INFO Gate state: CLOSED
2023-01-26 16:11:11,994 INFO Gate state: OPEN
2023-01-26 16:11:22,137 INFO CoAP server started...
2023-01-26 16:11:26,650 INFO EntryGate with ID: id3 --> POST Request Received...
2023-01-26 16:11:26,650 INFO Gate state: CLOSED
2023-01-26 16:11:26,650 INFO Gate state: OPEN
2023-01-26 16:11:36,657 INFO Gate state: CLOSED
2023-01-26 16:14:44,587 INFO CoAP server started...
2023-01-26 16:14:48,558 INFO EntryGate with ID: id3 --> POST Request Received...
2023-01-26 16:14:48,558 INFO Gate state: CLOSED
2023-01-26 16:14:48,558 INFO Gate state: OPEN
2023-01-26 16:14:58,568 INFO Gate state: CLOSED
2023-01-26 16:22:46,890 INFO CoAP server started...
2023-01-26 16:22:55,960 INFO EntryGate with ID: id3 --> POST Request Received...
2023-01-26 16:22:55,960 INFO Gate state: CLOSED
2023-01-26 16:22:55,960 INFO Gate state: OPEN
2023-01-26 16:23:05,962 INFO Gate state: CLOSED
2023-01-26 16:23:35,056 INFO CoAP server started...
2023-01-26 16:23:39,971 INFO EntryGate with ID: id3 --> POST Request Received...
2023-01-26 16:23:39,971 INFO Gate state: CLOSED
2023-01-26 16:23:39,971 INFO Gate state: OPEN
2023-01-26 16:23:49,981 INFO Gate state: CLOSED
2023-01-26 16:24:20,577 INFO EntryGate with ID: id3 --> POST Request Received...
2023-01-26 16:24:20,578 INFO Gate state: CLOSED
2023-01-26 16:24:20,578 INFO Gate state: OPEN
2023-01-26 16:24:30,587 INFO Gate state: CLOSED
2023-01-26 16:24:59,365 INFO EntryGate with ID: id3 --> POST Request Received...
2023-01-26 16:24:59,365 INFO Gate state: CLOSED
2023-01-26 16:24:59,365 INFO Gate state: OPEN
2023-01-26 16:25:09,369 INFO Gate state: CLOSED
2023-01-26 16:27:59,225 INFO EntryGate with ID: id3 --> POST Request Received...
2023-01-26 16:27:59,225 INFO Gate state: CLOSED
2023-01-26 16:27:59,225 INFO Gate state: OPEN
2023-01-26 16:28:09,226 INFO Gate state: CLOSED
2023-01-26 22:18:18,243 INFO CoAP server started...
2023-01-26 22:20:24,302 INFO CoAP server started...
2023-01-26 22:22:22,423 INFO CoAP server started...
2023-01-26 22:25:46,578 INFO CoAP server started...
2023-01-26 22:27:06,255 INFO CoAP server started...
2023-01-26 22:30:41,507 INFO CoAP server started...
2023-01-26 22:32:46,300 INFO CoAP server started...
2023-01-26 22:35:30,207 INFO CoAP server started...
2023-01-26 22:46:58,836 INFO CoAP server started...
2023-01-26 22:48:10,129 INFO CoAP server started...
2023-01-26 22:48:52,689 INFO CoAP server started...
2023-01-26 22:57:12,913 INFO CoAP server started...
2023-01-26 23:02:45,927 INFO CoAP server started...
2023-01-26 23:06:41,126 INFO CoAP server started...
2023-01-26 23:09:26,665 INFO CoAP server started...
2023-01-26 23:11:34,973 INFO CoAP server started...
2023-01-26 23:13:23,774 INFO CoAP server started...
2023-01-26 23:15:29,259 INFO CoAP server started...
2023-01-26 23:16:08,720 INFO CoAP server started...
2023-01-26 23:17:19,810 INFO CoAP server started...
2023-01-26 23:18:10,969 INFO CoAP server started...
2023-01-26 23:18:51,994 INFO CoAP server started...
2023-01-26 23:21:04,729 INFO CoAP server started...
2023-01-26 23:22:12,570 INFO CoAP server started...
2023-01-26 23:25:39,203 INFO CoAP server started...
2023-01-27 10:26:50,242 INFO CoAP server started...
2023-01-27 10:36:03,971 INFO CoAP server started...
2023-01-27 10:36:17,816 INFO EntryGate with ID: id3 --> POST Request Received...
2023-01-27 10:36:17,817 INFO Gate state: CLOSED
2023-01-27 10:36:17,817 INFO Gate state: OPEN
2023-01-27 10:36:27,822 INFO Gate state: CLOSED
2023-01-27 14:30:18,747 INFO CoAP server started...
2023-01-27 14:36:29,215 INFO CoAP server started...
2023-01-27 14:38:07,614 INFO CoAP server started...
2023-01-27 14:43:00,969 INFO CoAP server started...
2023-01-27 14:58:38,628 INFO CoAP server started...
2023-01-27 14:59:32,478 INFO CoAP server started...
2023-01-27 15:00:17,813 INFO EntryGate with ID: id3 --> POST Request Received...
2023-01-27 15:00:17,813 INFO Gate state: CLOSED
2023-01-27 15:00:17,813 INFO Gate state: OPEN
2023-01-27 15:00:27,821 INFO Gate state: CLOSED
2023-01-27 15:01:44,276 INFO EntryGate with ID: id3 --> POST Request Received...
2023-01-27 15:01:44,276 INFO Gate state: CLOSED
2023-01-27 15:01:44,277 INFO Gate state: OPEN
2023-01-27 15:01:54,282 INFO Gate state: CLOSED
2023-01-27 15:06:40,093 INFO EntryGate with ID: id3 --> POST Request Received...
2023-01-27 15:06:40,093 INFO Gate state: CLOSED
2023-01-27 15:06:40,094 INFO Gate state: OPEN
2023-01-27 15:06:50,105 INFO Gate state: CLOSED
2023-01-27 15:08:41,510 INFO CoAP server started...
2023-01-27 15:08:46,382 INFO EntryGate with ID: id3 --> POST Request Received...
2023-01-27 15:08:46,382 INFO Gate state: CLOSED
2023-01-27 15:08:46,382 INFO Gate state: OPEN
2023-01-27 15:08:56,390 INFO Gate state: CLOSED
2023-01-27 15:08:56,409 INFO ExitGate with ID: id4 --> POST Request Received...
2023-01-27 15:08:56,409 INFO Gate state: CLOSED
2023-01-27 15:08:56,409 INFO Gate state: OPEN
2023-01-27 15:09:06,422 INFO Gate state: CLOSED
2023-01-27 15:12:18,042 INFO ExitGate with ID: id4 --> POST Request Received...
2023-01-27 15:12:18,043 INFO Gate state: CLOSED
2023-01-27 15:12:18,043 INFO Gate state: OPEN
2023-01-27 15:12:28,046 INFO Gate state: CLOSED
2023-01-27 15:17:15,935 INFO ExitGate with ID: id4 --> POST Request Received...
2023-01-27 15:17:15,935 INFO Gate state: CLOSED
2023-01-27 15:17:15,935 INFO Gate state: OPEN
2023-01-27 15:17:25,948 INFO Gate state: CLOSED
2023-01-27 15:23:48,474 INFO CoAP server started...
2023-01-27 15:27:06,787 INFO ExitGate with ID: id4 --> POST Request Received...
2023-01-27 15:27:06,787 INFO Gate state: CLOSED
2023-01-27 15:27:06,787 INFO Gate state: OPEN
2023-01-27 15:27:16,794 INFO Gate state: CLOSED
2023-01-27 15:28:17,294 INFO CoAP server started...
2023-01-27 15:28:47,697 INFO ExitGate with ID: id4 --> POST Request Received...
2023-01-27 15:28:47,697 INFO Gate state: CLOSED
2023-01-27 15:28:47,698 INFO Gate state: OPEN
2023-01-27 15:28:57,705 INFO Gate state: CLOSED
2023-01-27 15:31:19,195 INFO CoAP server started...
2023-01-27 15:31:32,408 INFO ExitGate with ID: id4 --> POST Request Received...
2023-01-27 15:31:32,408 INFO Gate state: CLOSED
2023-01-27 15:31:32,408 INFO Gate state: OPEN
2023-01-27 15:31:42,423 INFO Gate state: CLOSED
2023-01-27 15:37:05,796 INFO EntryGate with ID: id3 --> POST Request Received...
2023-01-27 15:37:05,796 INFO Gate state: CLOSED
2023-01-27 15:37:05,796 INFO Gate state: OPEN
2023-01-27 15:37:15,800 INFO Gate state: CLOSED
2023-01-27 15:37:20,798 INFO ExitGate with ID: id4 --> POST Request Received...
2023-01-27 15:37:20,798 INFO Gate state: CLOSED
2023-01-27 15:37:20,798 INFO Gate state: OPEN
2023-01-27 15:37:30,805 INFO Gate state: CLOSED
