2023-02-04 15:46:31,247 INFO  subscribed to: /iot/user/282423@studenti.unimore.it/IoT/sensor/light...
2023-02-04 15:46:33,437 INFO  subscribed to: /iot/user/282423@studenti.unimore.it/IoT/sensor/light...
2023-02-04 15:46:35,586 INFO  subscribed to: /iot/user/282423@studenti.unimore.it/IoT/sensor/light...
2023-02-04 15:46:37,761 INFO  subscribed to: /iot/user/282423@studenti.unimore.it/IoT/sensor/light...
2023-02-04 15:46:39,903 INFO  subscribed to: /iot/user/282423@studenti.unimore.it/IoT/sensor/light...
2023-02-04 15:46:40,442 INFO Received: Topic: /iot/user/282423@studenti.unimore.it/IoT/sensor/light Payload: 320 Retain: 0
2023-02-04 15:46:40,538 INFO LampResource with ID: id1 --> PUT Request Received ...
2023-02-04 15:46:40,538 INFO LampResource with ID: id1 --> PUT String Payload : 0
2023-02-04 15:46:40,538 INFO Switched brightness from 0 to 1
2023-02-04 15:46:40,538 INFO Attuation with result: 2.04 Changed
2023-02-04 15:46:40,539 INFO LampResource with ID: id2 --> PUT Request Received ...
2023-02-04 15:46:40,539 INFO LampResource with ID: id2 --> PUT String Payload : 0
2023-02-04 15:46:40,539 INFO Switched brightness from 0 to 1
2023-02-04 15:46:40,540 INFO Attuation with result: 2.04 Changed
2023-02-04 15:46:40,540 INFO LampResource with ID: id3 --> PUT Request Received ...
2023-02-04 15:46:40,541 INFO LampResource with ID: id3 --> PUT String Payload : 0
2023-02-04 15:46:40,541 INFO Switched brightness from 0 to 1
2023-02-04 15:46:40,541 INFO Attuation with result: 2.04 Changed
2023-02-04 15:46:40,542 INFO LampResource with ID: id4 --> PUT Request Received ...
2023-02-04 15:46:40,542 INFO LampResource with ID: id4 --> PUT String Payload : 0
2023-02-04 15:46:40,542 INFO Switched brightness from 0 to 1
2023-02-04 15:46:40,542 INFO Attuation with result: 2.04 Changed
2023-02-04 15:46:40,543 INFO LampResource with ID: id5 --> PUT Request Received ...
2023-02-04 15:46:40,543 INFO LampResource with ID: id5 --> PUT String Payload : 0
2023-02-04 15:46:40,543 INFO Switched brightness from 0 to 1
2023-02-04 15:46:40,543 INFO Attuation with result: 2.04 Changed
2023-02-04 15:46:40,544 INFO LampResource with ID: id6 --> PUT Request Received ...
2023-02-04 15:46:40,544 INFO LampResource with ID: id6 --> PUT String Payload : 0
2023-02-04 15:46:40,544 INFO Switched brightness from 0 to 1
2023-02-04 15:46:40,545 INFO Attuation with result: 2.04 Changed
2023-02-04 15:46:40,545 INFO LampResource with ID: id7 --> PUT Request Received ...
2023-02-04 15:46:40,545 INFO LampResource with ID: id7 --> PUT String Payload : 0
2023-02-04 15:46:40,545 INFO Switched brightness from 0 to 1
2023-02-04 15:46:40,546 INFO Attuation with result: 2.04 Changed
2023-02-04 15:46:40,546 INFO LampResource with ID: id8 --> PUT Request Received ...
2023-02-04 15:46:40,547 INFO LampResource with ID: id8 --> PUT String Payload : 0
2023-02-04 15:46:40,547 INFO Switched brightness from 0 to 1
2023-02-04 15:46:40,547 INFO Attuation with result: 2.04 Changed
2023-02-04 15:46:40,548 INFO LampResource with ID: id9 --> PUT Request Received ...
2023-02-04 15:46:40,548 INFO LampResource with ID: id9 --> PUT String Payload : 0
2023-02-04 15:46:40,548 INFO Switched brightness from 0 to 1
2023-02-04 15:46:40,548 INFO Attuation with result: 2.04 Changed
2023-02-04 15:46:40,549 INFO LampResource with ID: id10 --> PUT Request Received ...
2023-02-04 15:46:40,549 INFO LampResource with ID: id10 --> PUT String Payload : 0
2023-02-04 15:46:40,549 INFO Switched brightness from 0 to 1
2023-02-04 15:46:40,549 INFO Attuation with result: 2.04 Changed
2023-02-04 15:46:42,046 INFO  subscribed to: /iot/user/282423@studenti.unimore.it/IoT/sensor/light...
2023-02-04 15:46:44,212 INFO  subscribed to: /iot/user/282423@studenti.unimore.it/IoT/sensor/light...
2023-02-04 15:46:46,449 INFO  subscribed to: /iot/user/282423@studenti.unimore.it/IoT/sensor/light...
2023-02-04 15:46:48,631 INFO  subscribed to: /iot/user/282423@studenti.unimore.it/IoT/sensor/light...
