2023-01-26 15:36:41,267 INFO EntryMonitor with ID: id1 --> PUT Request Received...
2023-01-26 15:36:41,267 INFO EntryMonitor with ID: id1 --> PUT String Payload : Parking slots available: 8Nearest parking slot: 2Readed plate: FM056GT
2023-01-26 15:38:23,015 INFO EntryMonitor with ID: id1 --> PUT Request Received...
2023-01-26 15:38:23,016 INFO EntryMonitor with ID: id1 --> PUT String Payload : Total parking slots available: 8The nearest parking slot in: 2
2023-01-26 15:41:05,977 INFO EntryMonitor with ID: id1 --> PUT Request Received...
2023-01-26 15:41:05,977 INFO EntryMonitor with ID: id1 --> PUT String Payload : Parking slots available: 8Nearest parking slot: 2Readed plate: FM056GT
2023-01-26 15:41:35,360 INFO EntryMonitor with ID: id1 --> PUT Request Received...
2023-01-26 15:41:35,360 INFO EntryMonitor with ID: id1 --> PUT String Payload : Total parking slots available: 8The nearest parking slot in: 2
2023-01-26 15:42:12,480 INFO EntryMonitor with ID: id1 --> PUT Request Received...
2023-01-26 15:42:12,480 INFO EntryMonitor with ID: id1 --> PUT String Payload : Total parking slots available: 9The nearest parking slot in: 1
2023-01-26 15:44:39,726 INFO EntryMonitor with ID: id1 --> PUT Request Received...
2023-01-26 15:44:39,726 INFO EntryMonitor with ID: id1 --> PUT String Payload : Parking slots available: 9Nearest parking slot: 1Readed plate: FM056GT
2023-01-26 15:44:49,760 INFO EntryMonitor with ID: id1 --> PUT Request Received...
2023-01-26 15:44:49,760 INFO EntryMonitor with ID: id1 --> PUT String Payload : Total parking slots available: 8The nearest parking slot in: 2
2023-01-26 15:44:59,742 INFO EntryMonitor with ID: id1 --> PUT Request Received...
2023-01-26 15:44:59,742 INFO EntryMonitor with ID: id1 --> PUT String Payload : Total parking slots available: 9The nearest parking slot in: 1
2023-01-26 15:46:38,098 INFO EntryMonitor with ID: id1 --> PUT Request Received...
2023-01-26 15:46:38,098 INFO EntryMonitor with ID: id1 --> PUT String Payload : Parking slots available: 9Nearest parking slot: 1Readed plate: FM056GT
2023-01-26 15:46:48,146 INFO EntryMonitor with ID: id1 --> PUT Request Received...
2023-01-26 15:46:48,146 INFO EntryMonitor with ID: id1 --> PUT String Payload : Total parking slots available: 8The nearest parking slot in: 2
2023-01-26 15:46:58,135 INFO EntryMonitor with ID: id1 --> PUT Request Received...
2023-01-26 15:46:58,136 INFO EntryMonitor with ID: id1 --> PUT String Payload : Total parking slots available: 9The nearest parking slot in: 1
2023-01-26 15:48:19,647 INFO EntryMonitor with ID: id1 --> PUT Request Received...
2023-01-26 15:48:19,647 INFO EntryMonitor with ID: id1 --> PUT String Payload : Parking slots available: 9Nearest parking slot: 1Readed plate: FM056GT
2023-01-26 15:48:29,699 INFO EntryMonitor with ID: id1 --> PUT Request Received...
2023-01-26 15:48:29,700 INFO EntryMonitor with ID: id1 --> PUT String Payload : Total parking slots available: 8The nearest parking slot in: 2
2023-01-26 15:48:55,910 INFO EntryMonitor with ID: id1 --> PUT Request Received...
2023-01-26 15:48:55,910 INFO EntryMonitor with ID: id1 --> PUT String Payload : Parking slots available: 8Nearest parking slot: 2Readed plate: FM056GT
2023-01-26 15:49:05,934 INFO EntryMonitor with ID: id1 --> PUT Request Received...
2023-01-26 15:49:05,934 INFO EntryMonitor with ID: id1 --> PUT String Payload : Total parking slots available: 8The nearest parking slot in: 2
2023-01-26 15:49:07,259 INFO EntryMonitor with ID: id1 --> PUT Request Received...
2023-01-26 15:49:07,259 INFO EntryMonitor with ID: id1 --> PUT String Payload : Total parking slots available: 9The nearest parking slot in: 1
2023-01-26 15:50:34,019 INFO EntryMonitor with ID: id1 --> PUT Request Received...
2023-01-26 15:50:34,019 INFO EntryMonitor with ID: id1 --> PUT String Payload : Parking slots available: 9Nearest parking slot: 1Readed plate: FM056GT
2023-01-26 15:51:24,205 INFO EntryMonitor with ID: id1 --> PUT Request Received...
2023-01-26 15:51:24,205 INFO EntryMonitor with ID: id1 --> PUT String Payload : Parking slots available: 9Nearest parking slot: 1Readed plate: FM056GT
2023-01-26 15:51:34,232 INFO EntryMonitor with ID: id1 --> PUT Request Received...
2023-01-26 15:51:34,232 INFO EntryMonitor with ID: id1 --> PUT String Payload : Total parking slots available: 8The nearest parking slot in: 2
2023-01-26 15:52:24,385 INFO EntryMonitor with ID: id1 --> PUT Request Received...
2023-01-26 15:52:24,385 INFO EntryMonitor with ID: id1 --> PUT String Payload : Parking slots available: 8Nearest parking slot: 2Readed plate: FM056GT
2023-01-26 15:52:51,111 INFO EntryMonitor with ID: id1 --> PUT Request Received...
2023-01-26 15:52:51,111 INFO EntryMonitor with ID: id1 --> PUT String Payload : Total parking slots available: 9The nearest parking slot in: 1
2023-01-26 15:55:35,093 INFO EntryMonitor with ID: id1 --> PUT Request Received...
2023-01-26 15:55:35,093 INFO EntryMonitor with ID: id1 --> PUT String Payload : Parking slots available: 9Nearest parking slot: 1Readed plate: FM056GT
2023-01-26 15:55:45,118 INFO EntryMonitor with ID: id1 --> PUT Request Received...
2023-01-26 15:55:45,118 INFO EntryMonitor with ID: id1 --> PUT String Payload : Total parking slots available: 8The nearest parking slot in: 2
2023-01-26 15:56:15,676 INFO EntryMonitor with ID: id1 --> PUT Request Received...
2023-01-26 15:56:15,676 INFO EntryMonitor with ID: id1 --> PUT String Payload : Parking slots available: 8Nearest parking slot: 2Readed plate: FM056GT
2023-01-26 15:56:25,710 INFO EntryMonitor with ID: id1 --> PUT Request Received...
2023-01-26 15:56:25,710 INFO EntryMonitor with ID: id1 --> PUT String Payload : Total parking slots available: 9The nearest parking slot in: 1
2023-01-26 15:56:58,128 INFO EntryMonitor with ID: id1 --> PUT Request Received...
2023-01-26 15:56:58,129 INFO EntryMonitor with ID: id1 --> PUT String Payload : Parking slots available: 9Nearest parking slot: 1Readed plate: FM056GT
2023-01-26 15:57:08,139 INFO EntryMonitor with ID: id1 --> PUT Request Received...
2023-01-26 15:57:08,139 INFO EntryMonitor with ID: id1 --> PUT String Payload : Parking slots available: 9Nearest parking slot: 1Readed plate: FM056GT
2023-01-26 15:57:18,149 INFO EntryMonitor with ID: id1 --> PUT Request Received...
2023-01-26 15:57:18,150 INFO EntryMonitor with ID: id1 --> PUT String Payload : Total parking slots available: 8The nearest parking slot in: 2
2023-01-26 16:11:11,989 INFO EntryMonitor with ID: id1 --> PUT Request Received...
2023-01-26 16:11:11,989 INFO EntryMonitor with ID: id1 --> PUT String Payload : Parking slots available: 8Nearest parking slot: 2Readed plate: FM056GT
2023-01-26 16:11:26,646 INFO EntryMonitor with ID: id1 --> PUT Request Received...
2023-01-26 16:11:26,646 INFO EntryMonitor with ID: id1 --> PUT String Payload : Parking slots available: 8Nearest parking slot: 2Readed plate: FM056GT
2023-01-26 16:14:48,554 INFO EntryMonitor with ID: id1 --> PUT Request Received...
2023-01-26 16:14:48,554 INFO EntryMonitor with ID: id1 --> PUT String Payload : Parking slots available: 8Nearest parking slot: 2Readed plate: FM056GT
2023-01-26 16:22:55,956 INFO EntryMonitor with ID: id1 --> PUT Request Received...
2023-01-26 16:22:55,956 INFO EntryMonitor with ID: id1 --> PUT String Payload : Parking slots available: 8Nearest parking slot: 2Readed plate: FM056GT
2023-01-26 16:23:39,967 INFO EntryMonitor with ID: id1 --> PUT Request Received...
2023-01-26 16:23:39,967 INFO EntryMonitor with ID: id1 --> PUT String Payload : Parking slots available: 8Nearest parking slot: 2Readed plate: FM056GT
2023-01-26 16:23:49,991 INFO EntryMonitor with ID: id1 --> PUT Request Received...
2023-01-26 16:23:49,991 INFO EntryMonitor with ID: id1 --> PUT String Payload : Total parking slots available: 9The nearest parking slot in: 1
2023-01-26 16:24:20,572 INFO EntryMonitor with ID: id1 --> PUT Request Received...
2023-01-26 16:24:20,572 INFO EntryMonitor with ID: id1 --> PUT String Payload : Parking slots available: 9Nearest parking slot: 1Readed plate: FM056GT
2023-01-26 16:24:30,608 INFO EntryMonitor with ID: id1 --> PUT Request Received...
2023-01-26 16:24:30,608 INFO EntryMonitor with ID: id1 --> PUT String Payload : Total parking slots available: 10The nearest parking slot in: 1
2023-01-26 16:24:59,362 INFO EntryMonitor with ID: id1 --> PUT Request Received...
2023-01-26 16:24:59,362 INFO EntryMonitor with ID: id1 --> PUT String Payload : Parking slots available: 10Nearest parking slot: 1Readed plate: FM056GT
2023-01-26 16:25:09,425 INFO EntryMonitor with ID: id1 --> PUT Request Received...
2023-01-26 16:25:09,425 INFO EntryMonitor with ID: id1 --> PUT String Payload : Total parking slots available: 9The nearest parking slot in: 1
2023-01-26 16:25:19,401 INFO EntryMonitor with ID: id1 --> PUT Request Received...
2023-01-26 16:25:19,401 INFO EntryMonitor with ID: id1 --> PUT String Payload : Total parking slots available: 10The nearest parking slot in: 1
2023-01-26 16:27:59,221 INFO EntryMonitor with ID: id1 --> PUT Request Received...
2023-01-26 16:27:59,221 INFO EntryMonitor with ID: id1 --> PUT String Payload : Parking slots available: 10Nearest parking slot: 1Readed plate: FM056GT
2023-01-26 16:28:09,283 INFO EntryMonitor with ID: id1 --> PUT Request Received...
2023-01-26 16:28:09,283 INFO EntryMonitor with ID: id1 --> PUT String Payload : Total parking slots available: 9The nearest parking slot in: 2
2023-01-26 16:28:19,272 INFO EntryMonitor with ID: id1 --> PUT Request Received...
2023-01-26 16:28:19,272 INFO EntryMonitor with ID: id1 --> PUT String Payload : Total parking slots available: 10The nearest parking slot in: 1
2023-01-27 10:26:55,295 INFO EntryMonitor with ID: id1 --> PUT Request Received...
2023-01-27 10:26:55,296 INFO EntryMonitor with ID: id1 --> PUT String Payload : 5
2023-01-27 10:26:55,298 INFO ExitMonitor with ID: id2 --> PUT Request Received...
2023-01-27 10:26:55,298 INFO ExitMonitor with ID: id2 --> PUT String Payload : 5
2023-01-27 15:00:27,845 INFO EntryMonitor with ID: id1 --> PUT Request Received...
2023-01-27 15:00:27,845 INFO EntryMonitor with ID: id1 --> PUT String Payload : Total parking slots available: 9The nearest parking slot in: 1
2023-01-27 15:01:54,309 INFO EntryMonitor with ID: id1 --> PUT Request Received...
2023-01-27 15:01:54,309 INFO EntryMonitor with ID: id1 --> PUT String Payload : Total parking slots available: 9The nearest parking slot in: 1
2023-01-27 15:06:50,125 INFO EntryMonitor with ID: id1 --> PUT Request Received...
2023-01-27 15:06:50,125 INFO EntryMonitor with ID: id1 --> PUT String Payload : Total parking slots available: 9The nearest parking slot in: 1
2023-01-27 15:08:56,404 INFO ExitMonitor with ID: id2 --> PUT Request Received...
2023-01-27 15:08:56,405 INFO ExitMonitor with ID: id2 --> PUT String Payload : Payments founded for your car (FM056GT). Goodbye.
2023-01-27 15:11:00,368 INFO EntryMonitor with ID: id1 --> PUT Request Received...
2023-01-27 15:11:00,368 INFO EntryMonitor with ID: id1 --> PUT String Payload : Total parking slots available: 9The nearest parking slot in: 2
2023-01-27 15:11:03,297 INFO EntryMonitor with ID: id1 --> PUT Request Received...
2023-01-27 15:11:03,297 INFO EntryMonitor with ID: id1 --> PUT String Payload : Total parking slots available: 9The nearest parking slot in: 1
2023-01-27 15:11:56,243 INFO EntryMonitor with ID: id1 --> PUT Request Received...
2023-01-27 15:11:56,244 INFO EntryMonitor with ID: id1 --> PUT String Payload : Total parking slots available: 9The nearest parking slot in: 2
2023-01-27 15:12:18,037 INFO ExitMonitor with ID: id2 --> PUT Request Received...
2023-01-27 15:12:18,037 INFO ExitMonitor with ID: id2 --> PUT String Payload : Payments founded for your car (FM056GT). Goodbye.
2023-01-27 15:14:18,361 INFO EntryMonitor with ID: id1 --> PUT Request Received...
2023-01-27 15:14:18,362 INFO EntryMonitor with ID: id1 --> PUT String Payload : Total parking slots available: 9The nearest parking slot in: 2
2023-01-27 15:17:15,931 INFO ExitMonitor with ID: id2 --> PUT Request Received...
2023-01-27 15:17:15,931 INFO ExitMonitor with ID: id2 --> PUT String Payload : Payments founded for your car (FM056GT). Goodbye.
2023-01-27 15:24:42,706 INFO EntryMonitor with ID: id1 --> PUT Request Received...
2023-01-27 15:24:42,707 INFO EntryMonitor with ID: id1 --> PUT String Payload : Total parking slots available: 9 The nearest parking slot in: 2
2023-01-27 15:25:29,915 INFO ExitMonitor with ID: id2 --> PUT Request Received...
2023-01-27 15:25:29,915 INFO ExitMonitor with ID: id2 --> PUT String Payload : No payments founded for your car (FM056GT). Please pay and comeback.
2023-01-27 15:26:53,324 INFO EntryMonitor with ID: id1 --> PUT Request Received...
2023-01-27 15:26:53,324 INFO EntryMonitor with ID: id1 --> PUT String Payload : Total parking slots available: 9 The nearest parking slot in: 2
2023-01-27 15:27:06,782 INFO ExitMonitor with ID: id2 --> PUT Request Received...
2023-01-27 15:27:06,782 INFO ExitMonitor with ID: id2 --> PUT String Payload : Payments founded for your car (FM056GT). Goodbye.
2023-01-27 15:28:31,982 INFO EntryMonitor with ID: id1 --> PUT Request Received...
2023-01-27 15:28:31,982 INFO EntryMonitor with ID: id1 --> PUT String Payload : Total parking slots available: 9 The nearest parking slot in: 2
2023-01-27 15:28:47,693 INFO ExitMonitor with ID: id2 --> PUT Request Received...
2023-01-27 15:28:47,693 INFO ExitMonitor with ID: id2 --> PUT String Payload : Payments found for your car (FM056GT). Goodbye.
2023-01-27 15:31:00,201 INFO EntryMonitor with ID: id1 --> PUT Request Received...
2023-01-27 15:31:00,201 INFO EntryMonitor with ID: id1 --> PUT String Payload : Total parking slots available: 9 The nearest parking slot in: 2
2023-01-27 15:31:21,065 INFO EntryMonitor with ID: id1 --> PUT Request Received...
2023-01-27 15:31:21,065 INFO EntryMonitor with ID: id1 --> PUT String Payload : Total parking slots available: 9 The nearest parking slot in: 2
2023-01-27 15:31:27,407 INFO EntryMonitor with ID: id1 --> PUT Request Received...
2023-01-27 15:31:27,407 INFO EntryMonitor with ID: id1 --> PUT String Payload : Total parking slots available: 10The nearest parking slot in: 1
2023-01-27 15:31:32,404 INFO ExitMonitor with ID: id2 --> PUT Request Received...
2023-01-27 15:31:32,404 INFO ExitMonitor with ID: id2 --> PUT String Payload : Payments found for your car (FM056GT). Goodbye.
2023-01-27 15:37:05,792 INFO EntryMonitor with ID: id1 --> PUT Request Received...
2023-01-27 15:37:05,792 INFO EntryMonitor with ID: id1 --> PUT String Payload : Parking slots available: 10Nearest parking slot: 1Readed plate: FM056GT
2023-01-27 15:37:15,806 INFO EntryMonitor with ID: id1 --> PUT Request Received...
2023-01-27 15:37:15,806 INFO EntryMonitor with ID: id1 --> PUT String Payload : Total parking slots available: 9 The nearest parking slot in: 2
2023-01-27 15:37:17,115 INFO EntryMonitor with ID: id1 --> PUT Request Received...
2023-01-27 15:37:17,115 INFO EntryMonitor with ID: id1 --> PUT String Payload : Total parking slots available: 10The nearest parking slot in: 1
2023-01-27 15:37:18,264 INFO EntryMonitor with ID: id1 --> PUT Request Received...
2023-01-27 15:37:18,265 INFO EntryMonitor with ID: id1 --> PUT String Payload : Total parking slots available: 9 The nearest parking slot in: 1
2023-01-27 15:37:19,541 INFO EntryMonitor with ID: id1 --> PUT Request Received...
2023-01-27 15:37:19,541 INFO EntryMonitor with ID: id1 --> PUT String Payload : Total parking slots available: 10The nearest parking slot in: 1
2023-01-27 15:37:20,795 INFO ExitMonitor with ID: id2 --> PUT Request Received...
2023-01-27 15:37:20,795 INFO ExitMonitor with ID: id2 --> PUT String Payload : Payments found for your car (FM056GT). Goodbye.
